struct security_operations sc_ops = {
.ptrace_may_access = sc_ptrace_may_access,
.ptrace_traceme = sc_ptrace_traceme,
.capget = sc_capget,
.capset = sc_capset,
.capable = sc_capable,
.acct = sc_acct,
.sysctl = sc_sysctl,
.quotactl = sc_quotactl,
.quota_on = sc_quota_on,
.syslog = sc_syslog,
.settime = sc_settime,
.vm_enough_memory = sc_vm_enough_memory,
.bprm_set_creds = sc_bprm_set_creds,
.bprm_check_security = sc_bprm_check_security,
.bprm_secureexec = sc_bprm_secureexec,
.bprm_committing_creds = sc_bprm_committing_creds,
.bprm_committed_creds = sc_bprm_committed_creds,
.sb_alloc_security = sc_sb_alloc_security,
.sb_free_security = sc_sb_free_security,
.sb_copy_data = sc_sb_copy_data,
.sb_kern_mount = sc_sb_kern_mount,
.sb_show_options = sc_sb_show_options,
.sb_statfs = sc_sb_statfs,
.sb_mount = sc_sb_mount,
.sb_check_sb = sc_sb_check_sb,
.sb_umount = sc_sb_umount,
.sb_umount_close = sc_sb_umount_close,
.sb_umount_busy = sc_sb_umount_busy,
.sb_post_remount = sc_sb_post_remount,
.sb_post_addmount = sc_sb_post_addmount,
.sb_pivotroot = sc_sb_pivotroot,
.sb_post_pivotroot = sc_sb_post_pivotroot,
.sb_set_mnt_opts = sc_sb_set_mnt_opts,
.sb_clone_mnt_opts = sc_sb_clone_mnt_opts,
.sb_parse_opts_str = sc_sb_parse_opts_str,
.path_unlink = sc_path_unlink,
.path_mkdir = sc_path_mkdir,
.path_rmdir = sc_path_rmdir,
.path_mknod = sc_path_mknod,
.path_truncate = sc_path_truncate,
.path_symlink = sc_path_symlink,
.path_link = sc_path_link,
.path_rename = sc_path_rename,
.inode_alloc_security = sc_inode_alloc_security,
.inode_free_security = sc_inode_free_security,
.inode_init_security = sc_inode_init_security,
.inode_create = sc_inode_create,
.inode_link = sc_inode_link,
.inode_unlink = sc_inode_unlink,
.inode_symlink = sc_inode_symlink,
.inode_mkdir = sc_inode_mkdir,
.inode_rmdir = sc_inode_rmdir,
.inode_mknod = sc_inode_mknod,
.inode_rename = sc_inode_rename,
.inode_readlink = sc_inode_readlink,
.inode_follow_link = sc_inode_follow_link,
.inode_permission = sc_inode_permission,
.inode_setattr = sc_inode_setattr,
.inode_getattr = sc_inode_getattr,
.inode_delete = sc_inode_delete,
.inode_setxattr = sc_inode_setxattr,
.inode_post_setxattr = sc_inode_post_setxattr,
.inode_getxattr = sc_inode_getxattr,
.inode_listxattr = sc_inode_listxattr,
.inode_removexattr = sc_inode_removexattr,
.inode_need_killpriv = sc_inode_need_killpriv,
.inode_killpriv = sc_inode_killpriv,
.inode_getsecurity = sc_inode_getsecurity,
.inode_setsecurity = sc_inode_setsecurity,
.inode_listsecurity = sc_inode_listsecurity,
.inode_getsecid = sc_inode_getsecid,
.file_permission = sc_file_permission,
.file_alloc_security = sc_file_alloc_security,
.file_free_security = sc_file_free_security,
.file_ioctl = sc_file_ioctl,
.file_mmap = sc_file_mmap,
.file_mprotect = sc_file_mprotect,
.file_lock = sc_file_lock,
.file_fcntl = sc_file_fcntl,
.file_set_fowner = sc_file_set_fowner,
.file_send_sigiotask = sc_file_send_sigiotask,
.file_receive = sc_file_receive,
.dentry_open = sc_dentry_open,
.task_create = sc_task_create,
.cred_free = sc_cred_free,
.cred_prepare = sc_cred_prepare,
.cred_commit = sc_cred_commit,
.kernel_act_as = sc_kernel_act_as,
.kernel_create_files_as = sc_kernel_create_files_as,
.task_setuid = sc_task_setuid,
.task_fix_setuid = sc_task_fix_setuid,
.task_setgid = sc_task_setgid,
.task_setpgid = sc_task_setpgid,
.task_getpgid = sc_task_getpgid,
.task_getsid = sc_task_getsid,
.task_getsecid = sc_task_getsecid,
.task_setgroups = sc_task_setgroups,
.task_setnice = sc_task_setnice,
.task_setioprio = sc_task_setioprio,
.task_getioprio = sc_task_getioprio,
.task_setrlimit = sc_task_setrlimit,
.task_setscheduler = sc_task_setscheduler,
.task_getscheduler = sc_task_getscheduler,
.task_movememory = sc_task_movememory,
.task_kill = sc_task_kill,
.task_wait = sc_task_wait,
.task_prctl = sc_task_prctl,
.task_to_inode = sc_task_to_inode,
.ipc_permission = sc_ipc_permission,
.ipc_getsecid = sc_ipc_getsecid,
.msg_msg_alloc_security = sc_msg_msg_alloc_security,
.msg_msg_free_security = sc_msg_msg_free_security,
.msg_queue_alloc_security = sc_msg_queue_alloc_security,
.msg_queue_free_security = sc_msg_queue_free_security,
.msg_queue_associate = sc_msg_queue_associate,
.msg_queue_msgctl = sc_msg_queue_msgctl,
.msg_queue_msgsnd = sc_msg_queue_msgsnd,
.msg_queue_msgrcv = sc_msg_queue_msgrcv,
.shm_alloc_security = sc_shm_alloc_security,
.shm_free_security = sc_shm_free_security,
.shm_associate = sc_shm_associate,
.shm_shmctl = sc_shm_shmctl,
.shm_shmat = sc_shm_shmat,
.sem_alloc_security = sc_sem_alloc_security,
.sem_free_security = sc_sem_free_security,
.sem_associate = sc_sem_associate,
.sem_semctl = sc_sem_semctl,
.sem_semop = sc_sem_semop,
.netlink_send = sc_netlink_send,
.netlink_recv = sc_netlink_recv,
.d_instantiate = sc_d_instantiate,
.getprocattr = sc_getprocattr,
.setprocattr = sc_setprocattr,
.secid_to_secctx = sc_secid_to_secctx,
.secctx_to_secid = sc_secctx_to_secid,
.release_secctx = sc_release_secctx,
.unix_stream_connect = sc_unix_stream_connect,
.unix_may_send = sc_unix_may_send,
.socket_create = sc_socket_create,
.socket_post_create = sc_socket_post_create,
.socket_bind = sc_socket_bind,
.socket_connect = sc_socket_connect,
.socket_listen = sc_socket_listen,
.socket_accept = sc_socket_accept,
.socket_sendmsg = sc_socket_sendmsg,
.socket_recvmsg = sc_socket_recvmsg,
.socket_getsockname = sc_socket_getsockname,
.socket_getpeername = sc_socket_getpeername,
.socket_getsockopt = sc_socket_getsockopt,
.socket_setsockopt = sc_socket_setsockopt,
.socket_shutdown = sc_socket_shutdown,
.socket_sock_rcv_skb = sc_socket_sock_rcv_skb,
.socket_getpeersec_stream = sc_socket_getpeersec_stream,
.socket_getpeersec_dgram = sc_socket_getpeersec_dgram,
.sk_alloc_security = sc_sk_alloc_security,
.sk_free_security = sc_sk_free_security,
.sk_clone_security = sc_sk_clone_security,
.sk_getsecid = sc_sk_getsecid,
.sock_graft = sc_sock_graft,
.inet_conn_request = sc_inet_conn_request,
.inet_csk_clone = sc_inet_csk_clone,
.inet_conn_established = sc_inet_conn_established,
.req_classify_flow = sc_req_classify_flow,
.xfrm_policy_alloc_security = sc_xfrm_policy_alloc_security,
.xfrm_policy_clone_security = sc_xfrm_policy_clone_security,
.xfrm_policy_free_security = sc_xfrm_policy_free_security,
.xfrm_policy_delete_security = sc_xfrm_policy_delete_security,
.xfrm_state_alloc_security = sc_xfrm_state_alloc_security,
.xfrm_state_free_security = sc_xfrm_state_free_security,
.xfrm_state_delete_security = sc_xfrm_state_delete_security,
.xfrm_policy_lookup = sc_xfrm_policy_lookup,
.xfrm_state_pol_flow_match = sc_xfrm_state_pol_flow_match,
.xfrm_decode_session = sc_xfrm_decode_session,
.key_alloc = sc_key_alloc,
.key_free = sc_key_free,
.key_permission = sc_key_permission,
.key_getsecurity = sc_key_getsecurity,
.audit_rule_init = sc_audit_rule_init,
.audit_rule_known = sc_audit_rule_known,
.audit_rule_match = sc_audit_rule_match,
.audit_rule_free = sc_audit_rule_free,
};

