
DEF_SC_QUERY2("smack", ptrace_may_access);
DEF_SC_QUERY2("smack", ptrace_traceme);
DEF_SC_QUERY2("smack", syslog);
DEF_SC_QUERY2("smack", sb_alloc_security);
DEF_SC_QUERY2("smack", sb_free_security);
DEF_SC_QUERY2("smack", sb_copy_data);
DEF_SC_QUERY2("smack", sb_kern_mount);
DEF_SC_QUERY2("smack", sb_statfs);
DEF_SC_QUERY2("smack", sb_mount);
DEF_SC_QUERY2("smack", sb_umount);
DEF_SC_QUERY2("smack", inode_alloc_security);
DEF_SC_QUERY2("smack", inode_free_security);
DEF_SC_QUERY2("smack", inode_init_security);
DEF_SC_QUERY2("smack", inode_link);
DEF_SC_QUERY2("smack", inode_unlink);
DEF_SC_QUERY2("smack", inode_rmdir);
DEF_SC_QUERY2("smack", inode_rename);
DEF_SC_QUERY2("smack", inode_permission);
DEF_SC_QUERY2("smack", inode_setattr);
DEF_SC_QUERY2("smack", inode_getattr);
DEF_SC_QUERY2("smack", inode_setxattr);
DEF_SC_QUERY2("smack", inode_post_setxattr);
DEF_SC_QUERY2("smack", inode_getxattr);
DEF_SC_QUERY2("smack", inode_removexattr);
DEF_SC_QUERY2("smack", inode_getsecurity);
DEF_SC_QUERY2("smack", inode_setsecurity);
DEF_SC_QUERY2("smack", inode_listsecurity);
DEF_SC_QUERY2("smack", inode_getsecid);
DEF_SC_QUERY2("smack", file_permission);
DEF_SC_QUERY2("smack", file_alloc_security);
DEF_SC_QUERY2("smack", file_free_security);
DEF_SC_QUERY2("smack", file_ioctl);
DEF_SC_QUERY2("smack", file_lock);
DEF_SC_QUERY2("smack", file_fcntl);
DEF_SC_QUERY2("smack", file_set_fowner);
DEF_SC_QUERY2("smack", file_send_sigiotask);
DEF_SC_QUERY2("smack", file_receive);
DEF_SC_QUERY2("smack", cred_free);
DEF_SC_QUERY2("smack", cred_prepare);
DEF_SC_QUERY2("smack", cred_commit);
DEF_SC_QUERY2("smack", kernel_act_as);
DEF_SC_QUERY2("smack", kernel_create_files_as);
DEF_SC_QUERY2("smack", task_setpgid);
DEF_SC_QUERY2("smack", task_getpgid);
DEF_SC_QUERY2("smack", task_getsid);
DEF_SC_QUERY2("smack", task_getsecid);
DEF_SC_QUERY2("smack", task_setnice);
DEF_SC_QUERY2("smack", task_setioprio);
DEF_SC_QUERY2("smack", task_getioprio);
DEF_SC_QUERY2("smack", task_setscheduler);
DEF_SC_QUERY2("smack", task_getscheduler);
DEF_SC_QUERY2("smack", task_movememory);
DEF_SC_QUERY2("smack", task_kill);
DEF_SC_QUERY2("smack", task_wait);
DEF_SC_QUERY2("smack", task_to_inode);
DEF_SC_QUERY2("smack", ipc_permission);
DEF_SC_QUERY2("smack", ipc_getsecid);
DEF_SC_QUERY2("smack", msg_msg_alloc_security);
DEF_SC_QUERY2("smack", msg_msg_free_security);
DEF_SC_QUERY2("smack", msg_queue_alloc_security);
DEF_SC_QUERY2("smack", msg_queue_free_security);
DEF_SC_QUERY2("smack", msg_queue_associate);
DEF_SC_QUERY2("smack", msg_queue_msgctl);
DEF_SC_QUERY2("smack", msg_queue_msgsnd);
DEF_SC_QUERY2("smack", msg_queue_msgrcv);
DEF_SC_QUERY2("smack", shm_alloc_security);
DEF_SC_QUERY2("smack", shm_free_security);
DEF_SC_QUERY2("smack", shm_associate);
DEF_SC_QUERY2("smack", shm_shmctl);
DEF_SC_QUERY2("smack", shm_shmat);
DEF_SC_QUERY2("smack", sem_alloc_security);
DEF_SC_QUERY2("smack", sem_free_security);
DEF_SC_QUERY2("smack", sem_associate);
DEF_SC_QUERY2("smack", sem_semctl);
DEF_SC_QUERY2("smack", sem_semop);
DEF_SC_QUERY2("smack", d_instantiate);
DEF_SC_QUERY2("smack", getprocattr);
DEF_SC_QUERY2("smack", setprocattr);
DEF_SC_QUERY2("smack", unix_stream_connect);
DEF_SC_QUERY2("smack", unix_may_send);
DEF_SC_QUERY2("smack", socket_post_create);
DEF_SC_QUERY2("smack", socket_connect);
DEF_SC_QUERY2("smack", socket_sendmsg);
DEF_SC_QUERY2("smack", socket_sock_rcv_skb);
DEF_SC_QUERY2("smack", socket_getpeersec_stream);
DEF_SC_QUERY2("smack", socket_getpeersec_dgram);
DEF_SC_QUERY2("smack", sk_alloc_security);
DEF_SC_QUERY2("smack", sk_free_security);
DEF_SC_QUERY2("smack", sock_graft);
DEF_SC_QUERY2("smack", inet_conn_request);
DEF_SC_QUERY2("smack", inet_csk_clone);
DEF_SC_QUERY2("smack", key_alloc);
DEF_SC_QUERY2("smack", key_free);
DEF_SC_QUERY2("smack", key_permission);
DEF_SC_QUERY2("smack", audit_rule_init);
DEF_SC_QUERY2("smack", audit_rule_known);
DEF_SC_QUERY2("smack", audit_rule_match);
DEF_SC_QUERY2("smack", audit_rule_free);
DEF_SC_QUERY2("smack", secid_to_secctx);
DEF_SC_QUERY2("smack", secctx_to_secid);
DEF_SC_QUERY2("smack", release_secctx);

scube_post_query_str(&scq2_ptrace_may_access);
scube_post_query_str(&scq2_ptrace_traceme);
scube_post_query_str(&scq2_syslog);
scube_post_query_str(&scq2_sb_alloc_security);
scube_post_query_str(&scq2_sb_free_security);
scube_post_query_str(&scq2_sb_copy_data);
scube_post_query_str(&scq2_sb_kern_mount);
scube_post_query_str(&scq2_sb_statfs);
scube_post_query_str(&scq2_sb_mount);
scube_post_query_str(&scq2_sb_umount);
scube_post_query_str(&scq2_inode_alloc_security);
scube_post_query_str(&scq2_inode_free_security);
scube_post_query_str(&scq2_inode_init_security);
scube_post_query_str(&scq2_inode_link);
scube_post_query_str(&scq2_inode_unlink);
scube_post_query_str(&scq2_inode_rmdir);
scube_post_query_str(&scq2_inode_rename);
scube_post_query_str(&scq2_inode_permission);
scube_post_query_str(&scq2_inode_setattr);
scube_post_query_str(&scq2_inode_getattr);
scube_post_query_str(&scq2_inode_setxattr);
scube_post_query_str(&scq2_inode_post_setxattr);
scube_post_query_str(&scq2_inode_getxattr);
scube_post_query_str(&scq2_inode_removexattr);
scube_post_query_str(&scq2_inode_getsecurity);
scube_post_query_str(&scq2_inode_setsecurity);
scube_post_query_str(&scq2_inode_listsecurity);
scube_post_query_str(&scq2_inode_getsecid);
scube_post_query_str(&scq2_file_permission);
scube_post_query_str(&scq2_file_alloc_security);
scube_post_query_str(&scq2_file_free_security);
scube_post_query_str(&scq2_file_ioctl);
scube_post_query_str(&scq2_file_lock);
scube_post_query_str(&scq2_file_fcntl);
scube_post_query_str(&scq2_file_set_fowner);
scube_post_query_str(&scq2_file_send_sigiotask);
scube_post_query_str(&scq2_file_receive);
scube_post_query_str(&scq2_cred_free);
scube_post_query_str(&scq2_cred_prepare);
scube_post_query_str(&scq2_cred_commit);
scube_post_query_str(&scq2_kernel_act_as);
scube_post_query_str(&scq2_kernel_create_files_as);
scube_post_query_str(&scq2_task_setpgid);
scube_post_query_str(&scq2_task_getpgid);
scube_post_query_str(&scq2_task_getsid);
scube_post_query_str(&scq2_task_getsecid);
scube_post_query_str(&scq2_task_setnice);
scube_post_query_str(&scq2_task_setioprio);
scube_post_query_str(&scq2_task_getioprio);
scube_post_query_str(&scq2_task_setscheduler);
scube_post_query_str(&scq2_task_getscheduler);
scube_post_query_str(&scq2_task_movememory);
scube_post_query_str(&scq2_task_kill);
scube_post_query_str(&scq2_task_wait);
scube_post_query_str(&scq2_task_to_inode);
scube_post_query_str(&scq2_ipc_permission);
scube_post_query_str(&scq2_ipc_getsecid);
scube_post_query_str(&scq2_msg_msg_alloc_security);
scube_post_query_str(&scq2_msg_msg_free_security);
scube_post_query_str(&scq2_msg_queue_alloc_security);
scube_post_query_str(&scq2_msg_queue_free_security);
scube_post_query_str(&scq2_msg_queue_associate);
scube_post_query_str(&scq2_msg_queue_msgctl);
scube_post_query_str(&scq2_msg_queue_msgsnd);
scube_post_query_str(&scq2_msg_queue_msgrcv);
scube_post_query_str(&scq2_shm_alloc_security);
scube_post_query_str(&scq2_shm_free_security);
scube_post_query_str(&scq2_shm_associate);
scube_post_query_str(&scq2_shm_shmctl);
scube_post_query_str(&scq2_shm_shmat);
scube_post_query_str(&scq2_sem_alloc_security);
scube_post_query_str(&scq2_sem_free_security);
scube_post_query_str(&scq2_sem_associate);
scube_post_query_str(&scq2_sem_semctl);
scube_post_query_str(&scq2_sem_semop);
scube_post_query_str(&scq2_d_instantiate);
scube_post_query_str(&scq2_getprocattr);
scube_post_query_str(&scq2_setprocattr);
scube_post_query_str(&scq2_unix_stream_connect);
scube_post_query_str(&scq2_unix_may_send);
scube_post_query_str(&scq2_socket_post_create);
scube_post_query_str(&scq2_socket_connect);
scube_post_query_str(&scq2_socket_sendmsg);
scube_post_query_str(&scq2_socket_sock_rcv_skb);
scube_post_query_str(&scq2_socket_getpeersec_stream);
scube_post_query_str(&scq2_socket_getpeersec_dgram);
scube_post_query_str(&scq2_sk_alloc_security);
scube_post_query_str(&scq2_sk_free_security);
scube_post_query_str(&scq2_sock_graft);
scube_post_query_str(&scq2_inet_conn_request);
scube_post_query_str(&scq2_inet_csk_clone);
scube_post_query_str(&scq2_key_alloc);
scube_post_query_str(&scq2_key_free);
scube_post_query_str(&scq2_key_permission);
scube_post_query_str(&scq2_audit_rule_init);
scube_post_query_str(&scq2_audit_rule_known);
scube_post_query_str(&scq2_audit_rule_match);
scube_post_query_str(&scq2_audit_rule_free);
scube_post_query_str(&scq2_secid_to_secctx);
scube_post_query_str(&scq2_secctx_to_secid);
scube_post_query_str(&scq2_release_secctx);



